--2016-10-27 09:10:01--  http://cn.bing.com/
正在解析主机 cn.bing.com (cn.bing.com)... 202.89.233.103, 202.89.233.104
正在连接 cn.bing.com (cn.bing.com)|202.89.233.103|:80... 已连接。
已发出 HTTP 请求，正在等待回应... 200 OK
长度： 121264 (118K) [text/html]
正在保存至: “/home/zhuliting/KuaiPan/src/code/shell/bing/2016-10-27.html”

     0K .......... .......... .......... .......... .......... 42%  921K 0s
    50K .......... .......... .......... .......... .......... 84%  933K 0s
   100K .......... ........                                   100% 35.7M=0.1s

2016-10-27 09:10:03 (1.07 MB/s) - 已保存 “/home/zhuliting/KuaiPan/src/code/shell/bing/2016-10-27.html” [121264/121264])

http://s.cn.bing.net/az/hprichbg/rb/TransylvaniaMist_ZH-CN11749467591_1920x1080.jpg
Setting --output-document (outputdocument) to /home/zhuliting/KuaiPan/src/code/shell/bing/2016-10-27.jpg
DEBUG output created by Wget 1.15 on linux-gnu.

URI encoding = “UTF-8”
--2016-10-27 09:10:03--  http://s.cn.bing.net/az/hprichbg/rb/TransylvaniaMist_ZH-CN11749467591_1920x1080.jpg
正在解析主机 s.cn.bing.net (s.cn.bing.net)... 180.153.126.30, 183.131.128.32
Caching s.cn.bing.net => 180.153.126.30 183.131.128.32
正在连接 s.cn.bing.net (s.cn.bing.net)|180.153.126.30|:80... 已连接。
Created socket 4.
Releasing 0x08bb83c0 (new refcount 1).

---request begin---
GET /az/hprichbg/rb/TransylvaniaMist_ZH-CN11749467591_1920x1080.jpg HTTP/1.1
User-Agent: Mozilla/5.0 (X11; Linux i686) AppleWebKit/537.36 (KHTML, like Gecko) Chrome/48.0.2564.109 Safari/537.36
Accept: */*
Host: s.cn.bing.net
Connection: Keep-Alive

---request end---
已发出 HTTP 请求，正在等待回应... 
---response begin---
HTTP/1.1 200 OK
Content-Type: image/jpeg
Connection: keep-alive
Date: Tue, 25 Oct 2016 16:57:02 GMT
Powered-By-ChinaCache: HIT from 010107g3H8.4
Content-Length: 345099
Expires: Tue, 01 Nov 2016 16:57:02 GMT
Vary: Accept-Encoding
Age: 115981
Cache-Control: public, max-age=604800
Server: Microsoft-IIS/8.5
CC_CACHE: TCP_HIT
Accept-Ranges: bytes

---response end---
200 OK
Registered socket 4 for persistent reuse.
长度： 345099 (337K) [image/jpeg]
正在保存至: “/home/zhuliting/KuaiPan/src/code/shell/bing/2016-10-27.jpg”

     0K .......... .......... .......... .......... .......... 14% 1.11M 0s
    50K .......... .......... .......... .......... .......... 29% 6.87M 0s
   100K .......... .......... .......... .......... .......... 44% 1.29M 0s
   150K .......... .......... .......... .......... .......... 59% 1.54M 0s
   200K .......... .......... .......... .......... .......... 74% 5.23M 0s
   250K .......... .......... .......... .......... .......... 89% 7.97M 0s
   300K .......... .......... .......... .......              100% 1.34M=0.2s

2016-10-27 09:10:04 (2.02 MB/s) - 已保存 “/home/zhuliting/KuaiPan/src/code/shell/bing/2016-10-27.jpg” [345099/345099])

