--2016-11-08 09:10:01--  http://cn.bing.com/
正在解析主机 cn.bing.com (cn.bing.com)... 202.89.233.103, 202.89.233.104
正在连接 cn.bing.com (cn.bing.com)|202.89.233.103|:80... 已连接。
已发出 HTTP 请求，正在等待回应... 200 OK
长度： 121805 (119K) [text/html]
正在保存至: “/home/zhuliting/KuaiPan/src/code/shell/bing/2016-11-08.html”

     0K .......... .......... .......... .......... .......... 42%  807K 0s
    50K .......... .......... .......... .......... .......... 84%  784K 0s
   100K .......... ........                                   100%  324K=0.2s

2016-11-08 09:10:02 (646 KB/s) - 已保存 “/home/zhuliting/KuaiPan/src/code/shell/bing/2016-11-08.html” [121805/121805])

http://s.cn.bing.net/az/hprichbg/rb/NottulnHerbst_ZH-CN9638949027_1920x1080.jpg
Setting --output-document (outputdocument) to /home/zhuliting/KuaiPan/src/code/shell/bing/2016-11-08.jpg
DEBUG output created by Wget 1.15 on linux-gnu.

URI encoding = “UTF-8”
--2016-11-08 09:10:02--  http://s.cn.bing.net/az/hprichbg/rb/NottulnHerbst_ZH-CN9638949027_1920x1080.jpg
正在解析主机 s.cn.bing.net (s.cn.bing.net)... 115.231.28.100, 115.231.14.6
Caching s.cn.bing.net => 115.231.28.100 115.231.14.6
正在连接 s.cn.bing.net (s.cn.bing.net)|115.231.28.100|:80... 已连接。
Created socket 4.
Releasing 0x08a28398 (new refcount 1).

---request begin---
GET /az/hprichbg/rb/NottulnHerbst_ZH-CN9638949027_1920x1080.jpg HTTP/1.1
User-Agent: Mozilla/5.0 (X11; Linux i686) AppleWebKit/537.36 (KHTML, like Gecko) Chrome/48.0.2564.109 Safari/537.36
Accept: */*
Host: s.cn.bing.net
Connection: Keep-Alive

---request end---
已发出 HTTP 请求，正在等待回应... 
---response begin---
HTTP/1.1 200 OK
Content-Type: image/jpeg
Connection: keep-alive
Date: Sun, 06 Nov 2016 19:26:37 GMT
Powered-By-ChinaCache: HIT from 010106f3SU
Content-Length: 311975
Expires: Sun, 13 Nov 2016 19:26:37 GMT
Vary: Accept-Encoding
Age: 107002
Cache-Control: public, max-age=604800
Server: Microsoft-IIS/8.5
CC_CACHE: TCP_HIT
Accept-Ranges: bytes

---response end---
200 OK
Registered socket 4 for persistent reuse.
长度： 311975 (305K) [image/jpeg]
正在保存至: “/home/zhuliting/KuaiPan/src/code/shell/bing/2016-11-08.jpg”

     0K .......... .......... .......... .......... .......... 16%  883K 0s
    50K .......... .......... .......... .......... .......... 32% 1.25M 0s
   100K .......... .......... .......... .......... .......... 49% 1.58M 0s
   150K .......... .......... .......... .......... .......... 65% 3.76M 0s
   200K .......... .......... .......... .......... .......... 82% 5.50M 0s
   250K .......... .......... .......... .......... .......... 98% 2.14M 0s
   300K ....                                                  100% 9.19M=0.2s

2016-11-08 09:10:02 (1.73 MB/s) - 已保存 “/home/zhuliting/KuaiPan/src/code/shell/bing/2016-11-08.jpg” [311975/311975])

