--2016-11-05 09:10:01--  http://cn.bing.com/
正在解析主机 cn.bing.com (cn.bing.com)... 202.89.233.103, 202.89.233.104
正在连接 cn.bing.com (cn.bing.com)|202.89.233.103|:80... 已连接。
已发出 HTTP 请求，正在等待回应... 200 OK
长度： 121243 (118K) [text/html]
正在保存至: “/home/zhuliting/KuaiPan/src/code/shell/bing/2016-11-05.html”

     0K .......... .......... .......... .......... .......... 42%  890K 0s
    50K .......... .......... .......... .......... .......... 84%  894K 0s
   100K .......... ........                                   100% 68.1M=0.1s

2016-11-05 09:10:01 (1.03 MB/s) - 已保存 “/home/zhuliting/KuaiPan/src/code/shell/bing/2016-11-05.html” [121243/121243])

http://s.cn.bing.net/az/hprichbg/rb/ApurimacRiverBridge_ZH-CN13064248684_1920x1080.jpg
Setting --output-document (outputdocument) to /home/zhuliting/KuaiPan/src/code/shell/bing/2016-11-05.jpg
DEBUG output created by Wget 1.15 on linux-gnu.

URI encoding = “UTF-8”
--2016-11-05 09:10:01--  http://s.cn.bing.net/az/hprichbg/rb/ApurimacRiverBridge_ZH-CN13064248684_1920x1080.jpg
正在解析主机 s.cn.bing.net (s.cn.bing.net)... 180.153.126.30, 183.131.128.32, 115.231.14.6, ...
Caching s.cn.bing.net => 180.153.126.30 183.131.128.32 115.231.14.6 115.231.28.100
正在连接 s.cn.bing.net (s.cn.bing.net)|180.153.126.30|:80... 已连接。
Created socket 4.
Releasing 0x09a08440 (new refcount 1).

---request begin---
GET /az/hprichbg/rb/ApurimacRiverBridge_ZH-CN13064248684_1920x1080.jpg HTTP/1.1
User-Agent: Mozilla/5.0 (X11; Linux i686) AppleWebKit/537.36 (KHTML, like Gecko) Chrome/48.0.2564.109 Safari/537.36
Accept: */*
Host: s.cn.bing.net
Connection: Keep-Alive

---request end---
已发出 HTTP 请求，正在等待回应... 
---response begin---
HTTP/1.1 200 OK
Content-Type: image/jpeg
Connection: keep-alive
Date: Thu, 03 Nov 2016 16:23:36 GMT
Powered-By-ChinaCache: HIT from 010571435D
Content-Length: 346021
Expires: Thu, 10 Nov 2016 16:23:35 GMT
Vary: Accept-Encoding
Age: 117985
Cache-Control: public, max-age=604800
Server: Microsoft-IIS/8.5
CC_CACHE: TCP_HIT
Accept-Ranges: bytes

---response end---
200 OK
Registered socket 4 for persistent reuse.
长度： 346021 (338K) [image/jpeg]
正在保存至: “/home/zhuliting/KuaiPan/src/code/shell/bing/2016-11-05.jpg”

     0K .......... .......... .......... .......... .......... 14%  853K 0s
    50K .......... .......... .......... .......... .......... 29% 1.68M 0s
   100K .......... .......... .......... .......... .......... 44% 2.43M 0s
   150K .......... .......... .......... .......... .......... 59% 2.30M 0s
   200K .......... .......... .......... .......... .......... 73%  847K 0s
   250K .......... .......... .......... .......... .......... 88%  157M 0s
   300K .......... .......... .......... .......              100%  140M=0.2s

2016-11-05 09:10:03 (1.75 MB/s) - 已保存 “/home/zhuliting/KuaiPan/src/code/shell/bing/2016-11-05.jpg” [346021/346021])

