--2016-11-03 09:10:01--  http://cn.bing.com/
正在解析主机 cn.bing.com (cn.bing.com)... 202.89.233.103, 202.89.233.104
正在连接 cn.bing.com (cn.bing.com)|202.89.233.103|:80... 已连接。
已发出 HTTP 请求，正在等待回应... 200 OK
长度： 121199 (118K) [text/html]
正在保存至: “/home/zhuliting/KuaiPan/src/code/shell/bing/2016-11-03.html”

     0K .......... .......... .......... .......... .......... 42%  841K 0s
    50K .......... .......... .......... .......... .......... 84%  882K 0s
   100K .......... ........                                   100%  107M=0.1s

2016-11-03 09:10:02 (1017 KB/s) - 已保存 “/home/zhuliting/KuaiPan/src/code/shell/bing/2016-11-03.html” [121199/121199])

http://s.cn.bing.net/az/hprichbg/rb/CanoCristales_ZH-CN12281532336_1920x1080.jpg
Setting --output-document (outputdocument) to /home/zhuliting/KuaiPan/src/code/shell/bing/2016-11-03.jpg
DEBUG output created by Wget 1.15 on linux-gnu.

URI encoding = “UTF-8”
--2016-11-03 09:10:02--  http://s.cn.bing.net/az/hprichbg/rb/CanoCristales_ZH-CN12281532336_1920x1080.jpg
正在解析主机 s.cn.bing.net (s.cn.bing.net)... 180.153.126.30, 122.228.117.14
Caching s.cn.bing.net => 180.153.126.30 122.228.117.14
正在连接 s.cn.bing.net (s.cn.bing.net)|180.153.126.30|:80... 已连接。
Created socket 4.
Releasing 0x089823b0 (new refcount 1).

---request begin---
GET /az/hprichbg/rb/CanoCristales_ZH-CN12281532336_1920x1080.jpg HTTP/1.1
User-Agent: Mozilla/5.0 (X11; Linux i686) AppleWebKit/537.36 (KHTML, like Gecko) Chrome/48.0.2564.109 Safari/537.36
Accept: */*
Host: s.cn.bing.net
Connection: Keep-Alive

---request end---
已发出 HTTP 请求，正在等待回应... 
---response begin---
HTTP/1.1 200 OK
Content-Type: image/jpeg
Connection: keep-alive
Date: Tue, 01 Nov 2016 16:18:04 GMT
Powered-By-ChinaCache: HIT from 010106f3SU
Content-Length: 347904
Expires: Tue, 08 Nov 2016 16:18:04 GMT
Vary: Accept-Encoding
Age: 118316
Cache-Control: public, max-age=604800
Server: Microsoft-IIS/8.5
CC_CACHE: TCP_HIT
Accept-Ranges: bytes

---response end---
200 OK
Registered socket 4 for persistent reuse.
长度： 347904 (340K) [image/jpeg]
正在保存至: “/home/zhuliting/KuaiPan/src/code/shell/bing/2016-11-03.jpg”

     0K .......... .......... .......... .......... .......... 14%  967K 0s
    50K .......... .......... .......... .......... .......... 29% 1.29M 0s
   100K .......... .......... .......... .......... .......... 44% 1.36M 0s
   150K .......... .......... .......... .......... .......... 58% 1.24M 0s
   200K .......... .......... .......... .......... .......... 73% 1.29M 0s
   250K .......... .......... .......... .......... .......... 88% 1.42M 0s
   300K .......... .......... .......... .........            100% 1.23M=0.3s

2016-11-03 09:10:02 (1.24 MB/s) - 已保存 “/home/zhuliting/KuaiPan/src/code/shell/bing/2016-11-03.jpg” [347904/347904])

