--2016-10-26 09:10:01--  http://cn.bing.com/
正在解析主机 cn.bing.com (cn.bing.com)... 202.89.233.104, 202.89.233.103
正在连接 cn.bing.com (cn.bing.com)|202.89.233.104|:80... 已连接。
已发出 HTTP 请求，正在等待回应... 200 OK
长度： 121259 (118K) [text/html]
正在保存至: “/home/zhuliting/KuaiPan/src/code/shell/bing/2016-10-26.html”

     0K .......... .......... .......... .......... .......... 42%  799K 0s
    50K .......... .......... .......... .......... .......... 84%  848K 0s
   100K .......... ........                                   100% 6.18M=0.1s

2016-10-26 09:10:01 (951 KB/s) - 已保存 “/home/zhuliting/KuaiPan/src/code/shell/bing/2016-10-26.html” [121259/121259])

http://s.cn.bing.net/az/hprichbg/rb/GreaterKudu_ZH-CN8868031087_1920x1080.jpg
Setting --output-document (outputdocument) to /home/zhuliting/KuaiPan/src/code/shell/bing/2016-10-26.jpg
DEBUG output created by Wget 1.15 on linux-gnu.

URI encoding = “UTF-8”
--2016-10-26 09:10:01--  http://s.cn.bing.net/az/hprichbg/rb/GreaterKudu_ZH-CN8868031087_1920x1080.jpg
正在解析主机 s.cn.bing.net (s.cn.bing.net)... 122.228.117.14, 115.231.28.100
Caching s.cn.bing.net => 122.228.117.14 115.231.28.100
正在连接 s.cn.bing.net (s.cn.bing.net)|122.228.117.14|:80... 已连接。
Created socket 4.
Releasing 0x09548398 (new refcount 1).

---request begin---
GET /az/hprichbg/rb/GreaterKudu_ZH-CN8868031087_1920x1080.jpg HTTP/1.1
User-Agent: Mozilla/5.0 (X11; Linux i686) AppleWebKit/537.36 (KHTML, like Gecko) Chrome/48.0.2564.109 Safari/537.36
Accept: */*
Host: s.cn.bing.net
Connection: Keep-Alive

---request end---
已发出 HTTP 请求，正在等待回应... 
---response begin---
HTTP/1.1 200 OK
Content-Type: image/jpeg
Connection: keep-alive
Date: Mon, 24 Oct 2016 16:00:04 GMT
Powered-By-ChinaCache: HIT from 060010E3W7.3
Content-Length: 347792
Expires: Mon, 31 Oct 2016 16:00:04 GMT
Vary: Accept-Encoding
Age: 119397
Cache-Control: public, max-age=604800
Server: Microsoft-IIS/8.5
CC_CACHE: TCP_HIT
Accept-Ranges: bytes

---response end---
200 OK
Registered socket 4 for persistent reuse.
长度： 347792 (340K) [image/jpeg]
正在保存至: “/home/zhuliting/KuaiPan/src/code/shell/bing/2016-10-26.jpg”

     0K .......... .......... .......... .......... .......... 14% 1.04M 0s
    50K .......... .......... .......... .......... .......... 29% 4.25M 0s
   100K .......... .......... .......... .......... .......... 44% 1.39M 0s
   150K .......... .......... .......... .......... .......... 58% 3.83M 0s
   200K .......... .......... .......... .......... .......... 73% 3.01M 0s
   250K .......... .......... .......... .......... .......... 88% 2.53M 0s
   300K .......... .......... .......... .........            100% 2.68M=0.2s

2016-10-26 09:10:02 (2.12 MB/s) - 已保存 “/home/zhuliting/KuaiPan/src/code/shell/bing/2016-10-26.jpg” [347792/347792])

