--2016-11-01 09:10:01--  http://cn.bing.com/
正在解析主机 cn.bing.com (cn.bing.com)... 202.89.233.103, 202.89.233.104
正在连接 cn.bing.com (cn.bing.com)|202.89.233.103|:80... 已连接。
已发出 HTTP 请求，正在等待回应... 200 OK
长度： 121199 (118K) [text/html]
正在保存至: “/home/zhuliting/KuaiPan/src/code/shell/bing/2016-11-01.html”

     0K .......... .......... .......... .......... .......... 42%  903K 0s
    50K .......... .......... .......... .......... .......... 84%  861K 0s
   100K .......... ........                                   100%  113M=0.1s

2016-11-01 09:10:01 (1.02 MB/s) - 已保存 “/home/zhuliting/KuaiPan/src/code/shell/bing/2016-11-01.html” [121199/121199])

http://s.cn.bing.net/az/hprichbg/rb/SkullMural_ZH-CN10342183481_1920x1080.jpg
Setting --output-document (outputdocument) to /home/zhuliting/KuaiPan/src/code/shell/bing/2016-11-01.jpg
DEBUG output created by Wget 1.15 on linux-gnu.

URI encoding = “UTF-8”
--2016-11-01 09:10:01--  http://s.cn.bing.net/az/hprichbg/rb/SkullMural_ZH-CN10342183481_1920x1080.jpg
正在解析主机 s.cn.bing.net (s.cn.bing.net)... 180.153.126.30, 115.231.14.6
Caching s.cn.bing.net => 180.153.126.30 115.231.14.6
正在连接 s.cn.bing.net (s.cn.bing.net)|180.153.126.30|:80... 已连接。
Created socket 4.
Releasing 0x0948f398 (new refcount 1).

---request begin---
GET /az/hprichbg/rb/SkullMural_ZH-CN10342183481_1920x1080.jpg HTTP/1.1
User-Agent: Mozilla/5.0 (X11; Linux i686) AppleWebKit/537.36 (KHTML, like Gecko) Chrome/48.0.2564.109 Safari/537.36
Accept: */*
Host: s.cn.bing.net
Connection: Keep-Alive

---request end---
已发出 HTTP 请求，正在等待回应... 
---response begin---
HTTP/1.1 200 OK
Content-Type: image/jpeg
Connection: keep-alive
Date: Mon, 31 Oct 2016 00:12:19 GMT
Powered-By-ChinaCache: HIT from 010106f3SU
Content-Length: 345156
Expires: Mon, 07 Nov 2016 00:12:19 GMT
Vary: Accept-Encoding
Age: 89863
Cache-Control: public, max-age=604800
Server: Microsoft-IIS/8.5
CC_CACHE: TCP_HIT
Accept-Ranges: bytes

---response end---
200 OK
Registered socket 4 for persistent reuse.
长度： 345156 (337K) [image/jpeg]
正在保存至: “/home/zhuliting/KuaiPan/src/code/shell/bing/2016-11-01.jpg”

     0K .......... .......... .......... .......... .......... 14% 1.21M 0s
    50K .......... .......... .......... .......... .......... 29% 1.49M 0s
   100K .......... .......... .......... .......... .......... 44% 1.12M 0s
   150K .......... .......... .......... .......... .......... 59% 74.6M 0s
   200K .......... .......... .......... .......... .......... 74% 12.0M 0s
   250K .......... .......... .......... .......... .......... 89% 1.63M 0s
   300K .......... .......... .......... .......              100% 5.27M=0.2s

2016-11-01 09:10:03 (2.08 MB/s) - 已保存 “/home/zhuliting/KuaiPan/src/code/shell/bing/2016-11-01.jpg” [345156/345156])

