--2016-11-02 09:10:01--  http://cn.bing.com/
正在解析主机 cn.bing.com (cn.bing.com)... 202.89.233.103, 202.89.233.104
正在连接 cn.bing.com (cn.bing.com)|202.89.233.103|:80... 已连接。
已发出 HTTP 请求，正在等待回应... 200 OK
长度： 121274 (118K) [text/html]
正在保存至: “/home/zhuliting/KuaiPan/src/code/shell/bing/2016-11-02.html”

     0K .......... .......... .......... .......... .......... 42%  896K 0s
    50K .......... .......... .......... .......... .......... 84%  881K 0s
   100K .......... ........                                   100% 75.7M=0.1s

2016-11-02 09:10:01 (1.03 MB/s) - 已保存 “/home/zhuliting/KuaiPan/src/code/shell/bing/2016-11-02.html” [121274/121274])

http://s.cn.bing.net/az/hprichbg/rb/JamnikSlovenia_ZH-CN12254942310_1920x1080.jpg
Setting --output-document (outputdocument) to /home/zhuliting/KuaiPan/src/code/shell/bing/2016-11-02.jpg
DEBUG output created by Wget 1.15 on linux-gnu.

URI encoding = “UTF-8”
--2016-11-02 09:10:01--  http://s.cn.bing.net/az/hprichbg/rb/JamnikSlovenia_ZH-CN12254942310_1920x1080.jpg
正在解析主机 s.cn.bing.net (s.cn.bing.net)... 115.231.14.6, 115.231.28.100
Caching s.cn.bing.net => 115.231.14.6 115.231.28.100
正在连接 s.cn.bing.net (s.cn.bing.net)|115.231.14.6|:80... 已连接。
Created socket 4.
Releasing 0x095983b8 (new refcount 1).

---request begin---
GET /az/hprichbg/rb/JamnikSlovenia_ZH-CN12254942310_1920x1080.jpg HTTP/1.1
User-Agent: Mozilla/5.0 (X11; Linux i686) AppleWebKit/537.36 (KHTML, like Gecko) Chrome/48.0.2564.109 Safari/537.36
Accept: */*
Host: s.cn.bing.net
Connection: Keep-Alive

---request end---
已发出 HTTP 请求，正在等待回应... 
---response begin---
HTTP/1.1 200 OK
Content-Type: image/jpeg
Connection: keep-alive
Date: Mon, 31 Oct 2016 16:19:52 GMT
Powered-By-ChinaCache: HIT from 010571435D
Content-Length: 111919
Expires: Mon, 07 Nov 2016 16:19:51 GMT
Vary: Accept-Encoding
Age: 118212
Cache-Control: public, max-age=604800
Server: Microsoft-IIS/8.5
CC_CACHE: TCP_HIT
Accept-Ranges: bytes

---response end---
200 OK
Registered socket 4 for persistent reuse.
长度： 111919 (109K) [image/jpeg]
正在保存至: “/home/zhuliting/KuaiPan/src/code/shell/bing/2016-11-02.jpg”

     0K .......... .......... .......... .......... .......... 45% 1.06M 0s
    50K .......... .......... .......... .......... .......... 91% 5.44M 0s
   100K .........                                             100%  287K=0.09s

2016-11-02 09:10:05 (1.22 MB/s) - 已保存 “/home/zhuliting/KuaiPan/src/code/shell/bing/2016-11-02.jpg” [111919/111919])

