--2016-10-29 09:10:01--  http://cn.bing.com/
正在解析主机 cn.bing.com (cn.bing.com)... 202.89.233.104, 202.89.233.103
正在连接 cn.bing.com (cn.bing.com)|202.89.233.104|:80... 已连接。
已发出 HTTP 请求，正在等待回应... 200 OK
长度： 121285 (118K) [text/html]
正在保存至: “/home/zhuliting/KuaiPan/src/code/shell/bing/2016-10-29.html”

     0K .......... .......... .......... .......... .......... 42%  748K 0s
    50K .......... .......... .......... .......... .......... 84%  779K 0s
   100K .......... ........                                   100%  295K=0.2s

2016-10-29 09:10:02 (612 KB/s) - 已保存 “/home/zhuliting/KuaiPan/src/code/shell/bing/2016-10-29.html” [121285/121285])

http://s.cn.bing.net/az/hprichbg/rb/NightLeopard_ZH-CN12938329877_1920x1080.jpg
Setting --output-document (outputdocument) to /home/zhuliting/KuaiPan/src/code/shell/bing/2016-10-29.jpg
DEBUG output created by Wget 1.15 on linux-gnu.

URI encoding = “UTF-8”
--2016-10-29 09:10:02--  http://s.cn.bing.net/az/hprichbg/rb/NightLeopard_ZH-CN12938329877_1920x1080.jpg
正在解析主机 s.cn.bing.net (s.cn.bing.net)... 183.131.128.32, 115.231.14.6
Caching s.cn.bing.net => 183.131.128.32 115.231.14.6
正在连接 s.cn.bing.net (s.cn.bing.net)|183.131.128.32|:80... 已连接。
Created socket 4.
Releasing 0x086f7398 (new refcount 1).

---request begin---
GET /az/hprichbg/rb/NightLeopard_ZH-CN12938329877_1920x1080.jpg HTTP/1.1
User-Agent: Mozilla/5.0 (X11; Linux i686) AppleWebKit/537.36 (KHTML, like Gecko) Chrome/48.0.2564.109 Safari/537.36
Accept: */*
Host: s.cn.bing.net
Connection: Keep-Alive

---request end---
已发出 HTTP 请求，正在等待回应... 
---response begin---
HTTP/1.1 200 OK
Content-Type: image/jpeg
Connection: keep-alive
Date: Thu, 27 Oct 2016 16:38:24 GMT
Powered-By-ChinaCache: HIT from 010571435D
Content-Length: 346243
Expires: Thu, 03 Nov 2016 16:38:23 GMT
Vary: Accept-Encoding
Age: 117099
Cache-Control: public, max-age=604800
Server: Microsoft-IIS/8.5
CC_CACHE: TCP_HIT
Accept-Ranges: bytes

---response end---
200 OK
Registered socket 4 for persistent reuse.
长度： 346243 (338K) [image/jpeg]
正在保存至: “/home/zhuliting/KuaiPan/src/code/shell/bing/2016-10-29.jpg”

     0K .......... .......... .......... .......... .......... 14%  827K 0s
    50K .......... .......... .......... .......... .......... 29% 1.08M 0s
   100K .......... .......... .......... .......... .......... 44% 1.16M 0s
   150K .......... .......... .......... .......... .......... 59% 1.11M 0s
   200K .......... .......... .......... .......... .......... 73% 1.17M 0s
   250K .......... .......... .......... .......... .......... 88% 1.28M 0s
   300K .......... .......... .......... ........             100% 1.04M=0.3s

2016-10-29 09:10:05 (1.08 MB/s) - 已保存 “/home/zhuliting/KuaiPan/src/code/shell/bing/2016-10-29.jpg” [346243/346243])

