--2016-10-25 09:10:01--  http://cn.bing.com/
正在解析主机 cn.bing.com (cn.bing.com)... 202.89.233.104, 202.89.233.103
正在连接 cn.bing.com (cn.bing.com)|202.89.233.104|:80... 已连接。
已发出 HTTP 请求，正在等待回应... 200 OK
长度： 125436 (122K) [text/html]
正在保存至: “/home/zhuliting/KuaiPan/src/code/shell/bing/2016-10-25.html”

     0K .......... .......... .......... .......... .......... 40% 92.8K 1s
    50K .......... .......... .......... .......... .......... 81% 54.2K 0s
   100K .......... .......... ..                              100%  194K=1.6s

2016-10-25 09:10:04 (77.7 KB/s) - 已保存 “/home/zhuliting/KuaiPan/src/code/shell/bing/2016-10-25.html” [125436/125436])

http://az29176.vo.msecnd.net/videocontent/IcelandVolcano_FF_768_HD_ZH-CN321228654.jpg
Setting --output-document (outputdocument) to /home/zhuliting/KuaiPan/src/code/shell/bing/2016-10-25.jpg
DEBUG output created by Wget 1.15 on linux-gnu.

URI encoding = “UTF-8”
--2016-10-25 09:10:04--  http://az29176.vo.msecnd.net/videocontent/IcelandVolcano_FF_768_HD_ZH-CN321228654.jpg
正在解析主机 az29176.vo.msecnd.net (az29176.vo.msecnd.net)... 68.232.45.201, 2606:2800:10c:1ff2:1d06:94b:c0f:14d
Caching az29176.vo.msecnd.net => 68.232.45.201 2606:2800:10c:1ff2:1d06:94b:c0f:14d
正在连接 az29176.vo.msecnd.net (az29176.vo.msecnd.net)|68.232.45.201|:80... 已连接。
Created socket 4.
Releasing 0x08fa63d0 (new refcount 1).

---request begin---
GET /videocontent/IcelandVolcano_FF_768_HD_ZH-CN321228654.jpg HTTP/1.1
User-Agent: Mozilla/5.0 (X11; Linux i686) AppleWebKit/537.36 (KHTML, like Gecko) Chrome/48.0.2564.109 Safari/537.36
Accept: */*
Host: az29176.vo.msecnd.net
Connection: Keep-Alive

---request end---
已发出 HTTP 请求，正在等待回应... 
---response begin---
HTTP/1.1 200 OK
Accept-Ranges: bytes
Cache-Control: public, max-age=604800
Content-Type: image/jpeg
Date: Tue, 25 Oct 2016 01:10:04 GMT
Etag: "0x8D3F3759CBC27B9"
Last-Modified: Thu, 13 Oct 2016 14:31:25 GMT
Server: ECAcc (sjc/16E6)
X-Cache: HIT
x-ms-blob-type: BlockBlob
x-ms-lease-state: available
x-ms-lease-status: unlocked
x-ms-request-id: f8fbf1f1-0001-003a-4146-2d2437000000
x-ms-version: 2015-04-05
Content-Length: 291601

---response end---
200 OK
Registered socket 4 for persistent reuse.
长度： 291601 (285K) [image/jpeg]
正在保存至: “/home/zhuliting/KuaiPan/src/code/shell/bing/2016-10-25.jpg”

     0K .......... .......... .......... .......... .......... 17% 90.0K 3s
    50K .......... .......... .......... .......... .......... 35% 89.6K 2s
   100K .......... .......... .......... .......... .......... 52%  262K 1s
   150K .......... .......... .......... .......... .......... 70% 13.9M 1s
   200K .......... .......... .......... .......... .......... 87%  135K 0s
   250K .......... .......... .......... ....                 100% 94.1K=2.0s

2016-10-25 09:10:06 (139 KB/s) - 已保存 “/home/zhuliting/KuaiPan/src/code/shell/bing/2016-10-25.jpg” [291601/291601])

