--2016-11-04 09:10:01--  http://cn.bing.com/
正在解析主机 cn.bing.com (cn.bing.com)... 202.89.233.103, 202.89.233.104
正在连接 cn.bing.com (cn.bing.com)|202.89.233.103|:80... 已连接。
已发出 HTTP 请求，正在等待回应... 200 OK
长度： 121169 (118K) [text/html]
正在保存至: “/home/zhuliting/KuaiPan/src/code/shell/bing/2016-11-04.html”

     0K .......... .......... .......... .......... .......... 42%  944K 0s
    50K .......... .......... .......... .......... .......... 84%  959K 0s
   100K .......... ........                                   100%  103M=0.1s

2016-11-04 09:10:02 (1.10 MB/s) - 已保存 “/home/zhuliting/KuaiPan/src/code/shell/bing/2016-11-04.html” [121169/121169])

http://s.cn.bing.net/az/hprichbg/rb/GoldenHouten_ZH-CN8874322377_1920x1080.jpg
Setting --output-document (outputdocument) to /home/zhuliting/KuaiPan/src/code/shell/bing/2016-11-04.jpg
DEBUG output created by Wget 1.15 on linux-gnu.

URI encoding = “UTF-8”
--2016-11-04 09:10:02--  http://s.cn.bing.net/az/hprichbg/rb/GoldenHouten_ZH-CN8874322377_1920x1080.jpg
正在解析主机 s.cn.bing.net (s.cn.bing.net)... 180.153.126.30, 122.228.84.23
Caching s.cn.bing.net => 180.153.126.30 122.228.84.23
正在连接 s.cn.bing.net (s.cn.bing.net)|180.153.126.30|:80... 已连接。
Created socket 4.
Releasing 0x095a3398 (new refcount 1).

---request begin---
GET /az/hprichbg/rb/GoldenHouten_ZH-CN8874322377_1920x1080.jpg HTTP/1.1
User-Agent: Mozilla/5.0 (X11; Linux i686) AppleWebKit/537.36 (KHTML, like Gecko) Chrome/48.0.2564.109 Safari/537.36
Accept: */*
Host: s.cn.bing.net
Connection: Keep-Alive

---request end---
已发出 HTTP 请求，正在等待回应... 
---response begin---
HTTP/1.1 200 OK
Content-Type: image/jpeg
Connection: keep-alive
Date: Wed, 02 Nov 2016 23:18:40 GMT
Powered-By-ChinaCache: HIT from 010107g3H8.4
Content-Length: 348085
Expires: Wed, 09 Nov 2016 23:18:40 GMT
Vary: Accept-Encoding
Age: 93081
Cache-Control: public, max-age=604800
Server: Microsoft-IIS/8.5
CC_CACHE: TCP_HIT
Accept-Ranges: bytes

---response end---
200 OK
Registered socket 4 for persistent reuse.
长度： 348085 (340K) [image/jpeg]
正在保存至: “/home/zhuliting/KuaiPan/src/code/shell/bing/2016-11-04.jpg”

     0K .......... .......... .......... .......... .......... 14% 1.10M 0s
    50K .......... .......... .......... .......... .......... 29% 5.45M 0s
   100K .......... .......... .......... .......... .......... 44% 1.28M 0s
   150K .......... .......... .......... .......... .......... 58% 1.47M 0s
   200K .......... .......... .......... .......... .......... 73% 4.19M 0s
   250K .......... .......... .......... .......... .......... 88% 1.34M 0s
   300K .......... .......... .......... .........            100% 5.02M=0.2s

2016-11-04 09:10:03 (1.84 MB/s) - 已保存 “/home/zhuliting/KuaiPan/src/code/shell/bing/2016-11-04.jpg” [348085/348085])

