--2016-11-07 09:10:01--  http://cn.bing.com/
正在解析主机 cn.bing.com (cn.bing.com)... 202.89.233.104, 202.89.233.103
正在连接 cn.bing.com (cn.bing.com)|202.89.233.104|:80... 已连接。
已发出 HTTP 请求，正在等待回应... 200 OK
长度： 121323 (118K) [text/html]
正在保存至: “/home/zhuliting/KuaiPan/src/code/shell/bing/2016-11-07.html”

     0K .......... .......... .......... .......... .......... 42%  746K 0s
    50K .......... .......... .......... .......... .......... 84%  764K 0s
   100K .......... ........                                   100%  102M=0.1s

2016-11-07 09:10:01 (893 KB/s) - 已保存 “/home/zhuliting/KuaiPan/src/code/shell/bing/2016-11-07.html” [121323/121323])

http://s.cn.bing.net/az/hprichbg/rb/IcyWaterfull_ZH-CN13699207169_1920x1080.jpg
Setting --output-document (outputdocument) to /home/zhuliting/KuaiPan/src/code/shell/bing/2016-11-07.jpg
DEBUG output created by Wget 1.15 on linux-gnu.

URI encoding = “UTF-8”
--2016-11-07 09:10:01--  http://s.cn.bing.net/az/hprichbg/rb/IcyWaterfull_ZH-CN13699207169_1920x1080.jpg
正在解析主机 s.cn.bing.net (s.cn.bing.net)... 122.228.117.14, 180.153.126.30, 183.131.128.32, ...
Caching s.cn.bing.net => 122.228.117.14 180.153.126.30 183.131.128.32 122.228.84.23
正在连接 s.cn.bing.net (s.cn.bing.net)|122.228.117.14|:80... 已连接。
Created socket 4.
Releasing 0x08778408 (new refcount 1).

---request begin---
GET /az/hprichbg/rb/IcyWaterfull_ZH-CN13699207169_1920x1080.jpg HTTP/1.1
User-Agent: Mozilla/5.0 (X11; Linux i686) AppleWebKit/537.36 (KHTML, like Gecko) Chrome/48.0.2564.109 Safari/537.36
Accept: */*
Host: s.cn.bing.net
Connection: Keep-Alive

---request end---
已发出 HTTP 请求，正在等待回应... 
---response begin---
HTTP/1.1 200 OK
Content-Type: image/jpeg
Connection: keep-alive
Date: Sun, 06 Nov 2016 00:43:39 GMT
Powered-By-ChinaCache: HIT from 010571435D
Content-Length: 332764
Expires: Sun, 13 Nov 2016 00:43:37 GMT
Vary: Accept-Encoding
Age: 87982
Cache-Control: public, max-age=604800
Server: Microsoft-IIS/8.5
CC_CACHE: TCP_HIT
Accept-Ranges: bytes

---response end---
200 OK
Registered socket 4 for persistent reuse.
长度： 332764 (325K) [image/jpeg]
正在保存至: “/home/zhuliting/KuaiPan/src/code/shell/bing/2016-11-07.jpg”

     0K .......... .......... .......... .......... .......... 15% 1.24M 0s
    50K .......... .......... .......... .......... .......... 30% 5.42M 0s
   100K .......... .......... .......... .......... .......... 46% 1.43M 0s
   150K .......... .......... .......... .......... .......... 61% 5.44M 0s
   200K .......... .......... .......... .......... .......... 76% 1.63M 0s
   250K .......... .......... .......... .......... .......... 92% 4.45M 0s
   300K .......... .......... ....                            100% 1.17M=0.2s

2016-11-07 09:10:04 (2.07 MB/s) - 已保存 “/home/zhuliting/KuaiPan/src/code/shell/bing/2016-11-07.jpg” [332764/332764])

